# JRE version: OpenJDK Runtime Environment (8.0_252-b09) (build 1.8.0_252-8u252-b09-1~16.04-b09)
# Java VM: OpenJDK 64-Bit Server VM (25.252-b09 mixed mode linux-amd64 compressed oops)
Heap:
 PSYoungGen      total 74752K, used 17376K [0x00000000eb700000, 0x00000000f1700000, 0x0000000100000000)
  eden space 57344K, 0% used [0x00000000eb700000,0x00000000eb700000,0x00000000eef00000)
  from space 17408K, 99% used [0x00000000eef00000,0x00000000efff8010,0x00000000f0000000)
  to   space 11264K, 0% used [0x00000000f0000000,0x00000000f0000000,0x00000000f0b00000)
 ParOldGen       total 42496K, used 40012K [0x00000000c2400000, 0x00000000c4d80000, 0x00000000eb700000)
  object space 42496K, 94% used [0x00000000c2400000,0x00000000c4b13258,0x00000000c4d80000)
 Metaspace       used 11309K, capacity 11515K, committed 11648K, reserved 1058816K
  class space    used 1303K, capacity 1397K, committed 1408K, reserved 1048576K
GC Heap History (10 events):
Event: 1,041 GC heap after
Heap after GC invocations=2 (full 0):
 PSYoungGen      total 18432K, used 2543K [0x00000000eb700000, 0x00000000edb00000, 0x0000000100000000)
  eden space 15872K, 0% used [0x00000000eb700000,0x00000000eb700000,0x00000000ec680000)
  from space 2560K, 99% used [0x00000000ec900000,0x00000000ecb7bc20,0x00000000ecb80000)
  to   space 2560K, 0% used [0x00000000ec680000,0x00000000ec680000,0x00000000ec900000)
 ParOldGen       total 42496K, used 3474K [0x00000000c2400000, 0x00000000c4d80000, 0x00000000eb700000)
  object space 42496K, 8% used [0x00000000c2400000,0x00000000c2764af0,0x00000000c4d80000)
 Metaspace       used 10202K, capacity 10394K, committed 10624K, reserved 1058816K
  class space    used 1230K, capacity 1313K, committed 1408K, reserved 1048576K
}
Event: 1,175 GC heap before
{Heap before GC invocations=3 (full 0):
 PSYoungGen      total 18432K, used 18415K [0x00000000eb700000, 0x00000000edb00000, 0x0000000100000000)
  eden space 15872K, 100% used [0x00000000eb700000,0x00000000ec680000,0x00000000ec680000)
  from space 2560K, 99% used [0x00000000ec900000,0x00000000ecb7bc20,0x00000000ecb80000)
  to   space 2560K, 0% used [0x00000000ec680000,0x00000000ec680000,0x00000000ec900000)
 ParOldGen       total 42496K, used 3474K [0x00000000c2400000, 0x00000000c4d80000, 0x00000000eb700000)
  object space 42496K, 8% used [0x00000000c2400000,0x00000000c2764af0,0x00000000c4d80000)
 Metaspace       used 11270K, capacity 11451K, committed 11648K, reserved 1058816K
  class space    used 1303K, capacity 1397K, committed 1408K, reserved 1048576K
Event: 1,198 GC heap after
Heap after GC invocations=3 (full 0):
 PSYoungGen      total 18432K, used 2544K [0x00000000eb700000, 0x00000000edb00000, 0x0000000100000000)
  eden space 15872K, 0% used [0x00000000eb700000,0x00000000eb700000,0x00000000ec680000)
  from space 2560K, 99% used [0x00000000ec680000,0x00000000ec8fc030,0x00000000ec900000)
  to   space 2560K, 0% used [0x00000000ed880000,0x00000000ed880000,0x00000000edb00000)
 ParOldGen       total 42496K, used 8903K [0x00000000c2400000, 0x00000000c4d80000, 0x00000000eb700000)
  object space 42496K, 20% used [0x00000000c2400000,0x00000000c2cb1c08,0x00000000c4d80000)
 Metaspace       used 11270K, capacity 11451K, committed 11648K, reserved 1058816K
  class space    used 1303K, capacity 1397K, committed 1408K, reserved 1048576K
}
Event: 1,299 GC heap before
{Heap before GC invocations=4 (full 0):
 PSYoungGen      total 18432K, used 18416K [0x00000000eb700000, 0x00000000edb00000, 0x0000000100000000)
  eden space 15872K, 100% used [0x00000000eb700000,0x00000000ec680000,0x00000000ec680000)
  from space 2560K, 99% used [0x00000000ec680000,0x00000000ec8fc030,0x00000000ec900000)
  to   space 2560K, 0% used [0x00000000ed880000,0x00000000ed880000,0x00000000edb00000)
 ParOldGen       total 42496K, used 8903K [0x00000000c2400000, 0x00000000c4d80000, 0x00000000eb700000)
  object space 42496K, 20% used [0x00000000c2400000,0x00000000c2cb1c08,0x00000000c4d80000)
 Metaspace       used 11272K, capacity 11451K, committed 11648K, reserved 1058816K
  class space    used 1303K, capacity 1397K, committed 1408K, reserved 1048576K
Event: 1,316 GC heap after
Heap after GC invocations=4 (full 0):
 PSYoungGen      total 34304K, used 2544K [0x00000000eb700000, 0x00000000edb00000, 0x0000000100000000)
  eden space 31744K, 0% used [0x00000000eb700000,0x00000000eb700000,0x00000000ed600000)
  from space 2560K, 99% used [0x00000000ed880000,0x00000000edafc010,0x00000000edb00000)
  to   space 2560K, 0% used [0x00000000ed600000,0x00000000ed600000,0x00000000ed880000)
 ParOldGen       total 42496K, used 14091K [0x00000000c2400000, 0x00000000c4d80000, 0x00000000eb700000)
  object space 42496K, 33% used [0x00000000c2400000,0x00000000c31c2f98,0x00000000c4d80000)
 Metaspace       used 11272K, capacity 11451K, committed 11648K, reserved 1058816K
  class space    used 1303K, capacity 1397K, committed 1408K, reserved 1048576K
}
Event: 1,431 GC heap before
{Heap before GC invocations=5 (full 0):
 PSYoungGen      total 34304K, used 34288K [0x00000000eb700000, 0x00000000edb00000, 0x0000000100000000)
  eden space 31744K, 100% used [0x00000000eb700000,0x00000000ed600000,0x00000000ed600000)
  from space 2560K, 99% used [0x00000000ed880000,0x00000000edafc010,0x00000000edb00000)
  to   space 2560K, 0% used [0x00000000ed600000,0x00000000ed600000,0x00000000ed880000)
 ParOldGen       total 42496K, used 14091K [0x00000000c2400000, 0x00000000c4d80000, 0x00000000eb700000)
  object space 42496K, 33% used [0x00000000c2400000,0x00000000c31c2f98,0x00000000c4d80000)
 Metaspace       used 11281K, capacity 11451K, committed 11648K, reserved 1058816K
  class space    used 1303K, capacity 1397K, committed 1408K, reserved 1048576K
Event: 1,467 GC heap after
Heap after GC invocations=5 (full 0):
 PSYoungGen      total 34304K, used 2544K [0x00000000eb700000, 0x00000000f0b00000, 0x0000000100000000)
  eden space 31744K, 0% used [0x00000000eb700000,0x00000000eb700000,0x00000000ed600000)
  from space 2560K, 99% used [0x00000000ed600000,0x00000000ed87c030,0x00000000ed880000)
  to   space 11264K, 0% used [0x00000000f0000000,0x00000000f0000000,0x00000000f0b00000)
 ParOldGen       total 42496K, used 20324K [0x00000000c2400000, 0x00000000c4d80000, 0x00000000eb700000)
  object space 42496K, 47% used [0x00000000c2400000,0x00000000c37d9150,0x00000000c4d80000)
 Metaspace       used 11281K, capacity 11451K, committed 11648K, reserved 1058816K
  class space    used 1303K, capacity 1397K, committed 1408K, reserved 1048576K
}
Event: 1,564 GC heap before
{Heap before GC invocations=6 (full 0):
 PSYoungGen      total 34304K, used 34288K [0x00000000eb700000, 0x00000000f0b00000, 0x0000000100000000)
  eden space 31744K, 100% used [0x00000000eb700000,0x00000000ed600000,0x00000000ed600000)
  from space 2560K, 99% used [0x00000000ed600000,0x00000000ed87c030,0x00000000ed880000)
  to   space 11264K, 0% used [0x00000000f0000000,0x00000000f0000000,0x00000000f0b00000)
 ParOldGen       total 42496K, used 20324K [0x00000000c2400000, 0x00000000c4d80000, 0x00000000eb700000)
  object space 42496K, 47% used [0x00000000c2400000,0x00000000c37d9150,0x00000000c4d80000)
 Metaspace       used 11282K, capacity 11451K, committed 11648K, reserved 1058816K
  class space    used 1303K, capacity 1397K, committed 1408K, reserved 1048576K
Event: 1,581 GC heap after
Heap after GC invocations=6 (full 0):
 PSYoungGen      total 68608K, used 11232K [0x00000000eb700000, 0x00000000f1700000, 0x0000000100000000)
  eden space 57344K, 0% used [0x00000000eb700000,0x00000000eb700000,0x00000000eef00000)
  from space 11264K, 99% used [0x00000000f0000000,0x00000000f0af8030,0x00000000f0b00000)
  to   space 17408K, 0% used [0x00000000eef00000,0x00000000eef00000,0x00000000f0000000)
 ParOldGen       total 42496K, used 27908K [0x00000000c2400000, 0x00000000c4d80000, 0x00000000eb700000)
  object space 42496K, 65% used [0x00000000c2400000,0x00000000c3f41150,0x00000000c4d80000)
 Metaspace       used 11282K, capacity 11451K, committed 11648K, reserved 1058816K
  class space    used 1303K, capacity 1397K, committed 1408K, reserved 1048576K
}
Event: 1,792 GC heap before
{Heap before GC invocations=7 (full 0):
 PSYoungGen      total 68608K, used 68576K [0x00000000eb700000, 0x00000000f1700000, 0x0000000100000000)
  eden space 57344K, 100% used [0x00000000eb700000,0x00000000eef00000,0x00000000eef00000)
  from space 11264K, 99% used [0x00000000f0000000,0x00000000f0af8030,0x00000000f0b00000)
  to   space 17408K, 0% used [0x00000000eef00000,0x00000000eef00000,0x00000000f0000000)
 ParOldGen       total 42496K, used 27908K [0x00000000c2400000, 0x00000000c4d80000, 0x00000000eb700000)
  object space 42496K, 65% used [0x00000000c2400000,0x00000000c3f41150,0x00000000c4d80000)
 Metaspace       used 11309K, capacity 11515K, committed 11648K, reserved 1058816K
  class space    used 1303K, capacity 1397K, committed 1408K, reserved 1048576K

